<?xml version="1.0" encoding="UTF-8"?>
<robot generator="Robot 7.1.1 (Python 3.12.3 on linux)" generated="2024-11-13T14:33:49.888896" rpa="false" schemaversion="5">
<suite id="s1" name="Tests" source="/home/abmarc/Documents/webcounter/src/tests">
<suite id="s1-s1" name="Increment" source="/home/abmarc/Documents/webcounter/src/tests/increment.robot">
<kw name="Open And Configure Browser" owner="resource" type="SETUP">
<if>
<branch type="IF" condition="$BROWSER == 'chrome'">
<kw name="Evaluate" owner="BuiltIn">
<var>${options}</var>
<arg>sys.modules['selenium.webdriver'].ChromeOptions()</arg>
<arg>sys</arg>
<doc>Evaluates the given expression in Python and returns the result.</doc>
<status status="NOT RUN" start="2024-11-13T14:33:50.023255" elapsed="0.000048"/>
</kw>
<status status="NOT RUN" start="2024-11-13T14:33:50.022553" elapsed="0.000856"/>
</branch>
<branch type="ELSE IF" condition="$BROWSER == 'firefox'">
<kw name="Evaluate" owner="BuiltIn">
<msg time="2024-11-13T14:33:50.024066" level="INFO">${options} = &lt;selenium.webdriver.firefox.options.Options object at 0x71a6e6936de0&gt;</msg>
<var>${options}</var>
<arg>sys.modules['selenium.webdriver'].FirefoxOptions()</arg>
<arg>sys</arg>
<doc>Evaluates the given expression in Python and returns the result.</doc>
<status status="PASS" start="2024-11-13T14:33:50.023702" elapsed="0.000417"/>
</kw>
<status status="PASS" start="2024-11-13T14:33:50.023466" elapsed="0.000737"/>
</branch>
<status status="PASS" start="2024-11-13T14:33:50.022513" elapsed="0.001749"/>
</if>
<if>
<branch type="IF" condition="$HEADLESS == 'true'">
<kw name="Set Selenium Speed" owner="SeleniumLibrary">
<arg>0</arg>
<doc>Sets the delay that is waited after each Selenium command.</doc>
<status status="NOT RUN" start="2024-11-13T14:33:50.024581" elapsed="0.000161"/>
</kw>
<kw name="Call Method" owner="BuiltIn">
<arg>${options}</arg>
<arg>add_argument</arg>
<arg>--headless</arg>
<doc>Calls the named method of the given object with the provided arguments.</doc>
<status status="NOT RUN" start="2024-11-13T14:33:50.024860" elapsed="0.000031"/>
</kw>
<status status="NOT RUN" start="2024-11-13T14:33:50.024354" elapsed="0.000583"/>
</branch>
<branch type="ELSE">
<kw name="Set Selenium Speed" owner="SeleniumLibrary">
<arg>${DELAY}</arg>
<doc>Sets the delay that is waited after each Selenium command.</doc>
<status status="PASS" start="2024-11-13T14:33:50.025078" elapsed="0.000316"/>
</kw>
<status status="PASS" start="2024-11-13T14:33:50.024974" elapsed="0.000481"/>
</branch>
<status status="PASS" start="2024-11-13T14:33:50.024332" elapsed="0.001162"/>
</if>
<kw name="Open Browser" owner="SeleniumLibrary">
<msg time="2024-11-13T14:33:50.026158" level="INFO">Opening browser 'firefox' to base url 'None'.</msg>
<arg>browser=${BROWSER}</arg>
<arg>options=${options}</arg>
<doc>Opens a new browser instance to the optional ``url``.</doc>
<status status="PASS" start="2024-11-13T14:33:50.025615" elapsed="2.764455"/>
</kw>
<status status="PASS" start="2024-11-13T14:33:50.022260" elapsed="2.768042"/>
</kw>
<test id="s1-s1-t1" name="At start the counter is zero" line="8">
<kw name="Go To" owner="SeleniumLibrary">
<msg time="2024-11-13T14:33:52.791542" level="INFO">Opening url 'http://localhost:5001'</msg>
<arg>${HOME_URL}</arg>
<doc>Navigates the current browser window to the provided ``url``.</doc>
<status status="PASS" start="2024-11-13T14:33:52.791195" elapsed="0.586486"/>
</kw>
<kw name="Title Should Be" owner="SeleniumLibrary">
<msg time="2024-11-13T14:33:53.905538" level="INFO">Page title is 'Laskuri'.</msg>
<arg>Laskuri</arg>
<doc>Verifies that the current page title equals ``title``.</doc>
<status status="PASS" start="2024-11-13T14:33:53.378349" elapsed="0.527397"/>
</kw>
<kw name="Page Should Contain" owner="SeleniumLibrary">
<msg time="2024-11-13T14:33:54.937277" level="INFO">Current page contains text 'nappia painettu 0 kertaa'.</msg>
<arg>nappia painettu 0 kertaa</arg>
<doc>Verifies that current page contains ``text``.</doc>
<status status="PASS" start="2024-11-13T14:33:53.906117" elapsed="1.031748"/>
</kw>
<status status="PASS" start="2024-11-13T14:33:52.790494" elapsed="2.148543"/>
</test>
<test id="s1-s1-t2" name="When button pressed twice the counter is two" line="13">
<kw name="Go To" owner="SeleniumLibrary">
<msg time="2024-11-13T14:33:54.942743" level="INFO">Opening url 'http://localhost:5001'</msg>
<arg>${HOME_URL}</arg>
<doc>Navigates the current browser window to the provided ``url``.</doc>
<status status="PASS" start="2024-11-13T14:33:54.942058" elapsed="0.557985"/>
</kw>
<kw name="Click Button" owner="SeleniumLibrary">
<msg time="2024-11-13T14:33:55.502478" level="INFO">Clicking button 'Paina'.</msg>
<arg>Paina</arg>
<doc>Clicks the button identified by ``locator``.</doc>
<status status="PASS" start="2024-11-13T14:33:55.501160" elapsed="1.606929"/>
</kw>
<kw name="Click Button" owner="SeleniumLibrary">
<msg time="2024-11-13T14:33:57.109773" level="INFO">Clicking button 'Paina'.</msg>
<arg>Paina</arg>
<doc>Clicks the button identified by ``locator``.</doc>
<status status="PASS" start="2024-11-13T14:33:57.109057" elapsed="1.590103"/>
</kw>
<kw name="Page Should Contain" owner="SeleniumLibrary">
<msg time="2024-11-13T14:33:59.716116" level="INFO">Current page contains text 'nappia painettu 2 kertaa'.</msg>
<arg>nappia painettu 2 kertaa</arg>
<doc>Verifies that current page contains ``text``.</doc>
<status status="PASS" start="2024-11-13T14:33:58.699953" elapsed="1.016627"/>
</kw>
<status status="PASS" start="2024-11-13T14:33:54.940296" elapsed="4.777225"/>
</test>
<test id="s1-s1-t3" name="When counter has a nonzero value and it is reset the value becomes zero" line="19">
<kw name="Go To" owner="SeleniumLibrary">
<msg time="2024-11-13T14:33:59.720597" level="INFO">Opening url 'http://localhost:5001'</msg>
<arg>${HOME_URL}</arg>
<doc>Navigates the current browser window to the provided ``url``.</doc>
<status status="PASS" start="2024-11-13T14:33:59.720137" elapsed="0.537726"/>
</kw>
<kw name="Click Button" owner="SeleniumLibrary">
<msg time="2024-11-13T14:34:00.259654" level="INFO">Clicking button 'Nollaa'.</msg>
<arg>Nollaa</arg>
<doc>Clicks the button identified by ``locator``.</doc>
<status status="PASS" start="2024-11-13T14:34:00.258906" elapsed="1.583041"/>
</kw>
<kw name="Page Should Contain" owner="SeleniumLibrary">
<msg time="2024-11-13T14:34:02.862555" level="INFO">Current page contains text 'nappia painettu 0 kertaa'.</msg>
<arg>nappia painettu 0 kertaa</arg>
<doc>Verifies that current page contains ``text``.</doc>
<status status="PASS" start="2024-11-13T14:34:01.842732" elapsed="1.020427"/>
</kw>
<status status="PASS" start="2024-11-13T14:33:59.718843" elapsed="3.145566"/>
</test>
<kw name="Close Browser" owner="SeleniumLibrary" type="TEARDOWN">
<doc>Closes the current browser.</doc>
<status status="PASS" start="2024-11-13T14:34:02.866955" elapsed="1.322554"/>
</kw>
<status status="PASS" start="2024-11-13T14:33:49.913561" elapsed="14.276072"/>
</suite>
<status status="PASS" start="2024-11-13T14:33:49.889854" elapsed="14.300544"/>
</suite>
<statistics>
<total>
<stat pass="3" fail="0" skip="0">All Tests</stat>
</total>
<tag>
</tag>
<suite>
<stat pass="3" fail="0" skip="0" id="s1" name="Tests">Tests</stat>
<stat pass="3" fail="0" skip="0" id="s1-s1" name="Increment">Tests.Increment</stat>
</suite>
</statistics>
<errors>
</errors>
</robot>
